<?xml version="1.0" encoding="UTF-8"?>
<!-- Generated by org.testng.reporters.JUnitReportReporter -->
<testsuite hostname="Banss" failures="0" tests="2" name="com.testng.SuiteDemo1" time="10.515" errors="0" timestamp="2023-12-13T10:29:53 CET" skipped="0">
  <testcase classname="com.testng.SuiteDemo1" name="login" time="6.337"/>
  <system-out/>
  <testcase classname="com.testng.SuiteDemo1" name="logout" time="4.178"/>
  <system-out/>
</testsuite> <!-- com.testng.SuiteDemo1 -->
