<?xml version="1.0" encoding="UTF-8"?>
<!-- Generated by org.testng.reporters.JUnitReportReporter -->
<testsuite hostname="Banss" failures="0" tests="2" name="com.testng.FirstTestNG" time="10.394" errors="0" timestamp="2023-12-12T09:59:51 CET" skipped="0">
  <testcase classname="com.testng.FirstTestNG" name="login" time="6.272"/>
  <system-out/>
  <testcase classname="com.testng.FirstTestNG" name="logout" time="4.122"/>
  <system-out/>
</testsuite> <!-- com.testng.FirstTestNG -->
