<?xml version="1.0" encoding="UTF-8"?>
<!-- Generated by org.testng.reporters.JUnitReportReporter -->
<testsuite hostname="Banss" failures="0" tests="6" name="com.framework.KeywordDrivenFW" time="14.798" errors="0" timestamp="2023-12-16T15:15:01 CET" skipped="0">
  <testcase classname="com.framework.KeywordDrivenFW" name="test" time="3.144"/>
  <system-out/>
  <testcase classname="com.framework.KeywordDrivenFW" name="test" time="5.002"/>
  <system-out/>
  <testcase classname="com.framework.KeywordDrivenFW" name="test" time="2.170"/>
  <system-out/>
  <testcase classname="com.framework.KeywordDrivenFW" name="test" time="2.163"/>
  <system-out/>
  <testcase classname="com.framework.KeywordDrivenFW" name="test" time="2.172"/>
  <system-out/>
  <testcase classname="com.framework.KeywordDrivenFW" name="test" time="0.147"/>
  <system-out/>
</testsuite> <!-- com.framework.KeywordDrivenFW -->
