<?xml version="1.0" encoding="UTF-8"?>
<!-- Generated by org.testng.reporters.JUnitReportReporter -->
<testsuite hostname="Banss" failures="0" tests="9" name="com.testng.GroupTestDEmo" time="0.016" errors="0" timestamp="2023-12-13T10:10:53 CET" skipped="0">
  <testcase classname="com.testng.GroupTestDEmo" name="red3" time="0.001"/>
  <system-out/>
  <testcase classname="com.testng.GroupTestDEmo" name="red2" time="0.001"/>
  <system-out/>
  <testcase classname="com.testng.GroupTestDEmo" name="Green2" time="0.002"/>
  <system-out/>
  <testcase classname="com.testng.GroupTestDEmo" name="red_Green" time="0.001"/>
  <system-out/>
  <testcase classname="com.testng.GroupTestDEmo" name="Blue_red" time="0.001"/>
  <system-out/>
  <testcase classname="com.testng.GroupTestDEmo" name="Green1" time="0.001"/>
  <system-out/>
  <testcase classname="com.testng.GroupTestDEmo" name="Blue_Green" time="0.006"/>
  <system-out/>
  <testcase classname="com.testng.GroupTestDEmo" name="red1" time="0.001"/>
  <system-out/>
  <testcase classname="com.testng.GroupTestDEmo" name="Green3" time="0.002"/>
  <system-out/>
</testsuite> <!-- com.testng.GroupTestDEmo -->
