<?xml version="1.0" encoding="UTF-8"?>
<!-- Generated by org.testng.reporters.JUnitReportReporter -->
<testsuite hostname="Banss" failures="0" tests="6" name="com.framework.HybridDrivenFW" time="14.352" errors="0" timestamp="2023-12-16T15:34:15 CET" skipped="0">
  <testcase classname="com.framework.HybridDrivenFW" name="test" time="2.159"/>
  <system-out/>
  <testcase classname="com.framework.HybridDrivenFW" name="test" time="0.181"/>
  <system-out/>
  <testcase classname="com.framework.HybridDrivenFW" name="test" time="2.182"/>
  <system-out/>
  <testcase classname="com.framework.HybridDrivenFW" name="test" time="2.179"/>
  <system-out/>
  <testcase classname="com.framework.HybridDrivenFW" name="test" time="4.681"/>
  <system-out/>
  <testcase classname="com.framework.HybridDrivenFW" name="test" time="2.970"/>
  <system-out/>
</testsuite> <!-- com.framework.HybridDrivenFW -->
